-- Trade is now launched --
Initial capital is : 10000
Nb. total days is : 254
Action : 12031 -- Money :: 10000 -- Nb actions :: 0
Moyenne mobile basse : 12031
Moyenne mobile haute : 12031

Action : 12000 -- Money :: 10000 -- Nb actions :: 0
Moyenne mobile basse : 12000
Moyenne mobile haute : 12031

Action : 12139 -- Money :: 10000 -- Nb actions :: 0
Moyenne mobile basse : 12000
Moyenne mobile haute : 12139

Action : 12424 -- Money :: 10000 -- Nb actions :: 0
Moyenne mobile basse : 12000
Moyenne mobile haute : 12424

Action : 12320 -- Money :: 10000 -- Nb actions :: 0
Moyenne mobile basse : 12000
Moyenne mobile haute : 12424

Action : 12539 -- Money :: 10000 -- Nb actions :: 0
Moyenne mobile basse : 12269.5
Moyenne mobile haute : 12481.5

Action : 12674 -- Money :: 10000 -- Nb actions :: 0
Moyenne mobile basse : 12269.5
Moyenne mobile haute : 12549

Action : 12648 -- Money :: 10000 -- Nb actions :: 0
Moyenne mobile basse : 12269.5
Moyenne mobile haute : 12549

Action : 12679 -- Money :: 10000 -- Nb actions :: 0
Moyenne mobile basse : 12269.5
Moyenne mobile haute : 12551.5

Action : 12265 -- Money :: 10000 -- Nb actions :: 0
Moyenne mobile basse : 12132.5
Moyenne mobile haute : 12551.5

Action : 12211 -- Money :: 10000 -- Nb actions :: 0
Moyenne mobile basse : 12158.666666667
Moyenne mobile haute : 12438

Action : 12061 -- Money :: 10000 -- Nb actions :: 0
Moyenne mobile basse : 12108.666666667
Moyenne mobile haute : 12438

Action : 11814 -- Money :: 10000 -- Nb actions :: 0
Moyenne mobile basse : 12026.333333333
Moyenne mobile haute : 12438

Action : 11885 -- Money :: 10000 -- Nb actions :: 0
Moyenne mobile basse : 12026.333333333
Moyenne mobile haute : 12438

Action : 11626 -- Money :: 10000 -- Nb actions :: 0
Moyenne mobile basse : 11963.666666667
Moyenne mobile haute : 12438

Action : 10858 -- Money :: 10000 -- Nb actions :: 0
Moyenne mobile basse : 11687.25
Moyenne mobile haute : 12043

Action : 10890 -- Money :: 10000 -- Nb actions :: 0
Moyenne mobile basse : 11687.25
Moyenne mobile haute : 12051

Action : 10914 -- Money :: 10000 -- Nb actions :: 0
Moyenne mobile basse : 11687.25
Moyenne mobile haute : 12057

Action : 10914 -- Money :: 10000 -- Nb actions :: 0
Moyenne mobile basse : 11687.25
Moyenne mobile haute : 12057

Action : 11065 -- Money :: 10000 -- Nb actions :: 0
Moyenne mobile basse : 11687.25
Moyenne mobile haute : 12094.75

Action : 10984 -- Money :: 10000 -- Nb actions :: 0
Moyenne mobile basse : 11546.6
Moyenne mobile haute : 11872.6

Action : 11502 -- Money :: 10000 -- Nb actions :: 0
Moyenne mobile basse : 11546.6
Moyenne mobile haute : 11976.2

Action : 11655 -- Money :: 10000 -- Nb actions :: 0
Moyenne mobile basse : 11546.6
Moyenne mobile haute : 12006.8

Action : 11781 -- Money :: 10000 -- Nb actions :: 0
Moyenne mobile basse : 11546.6
Moyenne mobile haute : 12032

Action : 12069 -- Money :: 10000 -- Nb actions :: 0
Moyenne mobile basse : 11546.6
Moyenne mobile haute : 12089.6

Action : 12303 -- Money :: 10000 -- Nb actions :: 0
Moyenne mobile basse : 11607.2
Moyenne mobile haute : 12065.4

Action : 12013 -- Money :: 10000 -- Nb actions :: 0
Moyenne mobile basse : 11549.2
Moyenne mobile haute : 12065.4

Action : 12128 -- Money :: 10000 -- Nb actions :: 0
Moyenne mobile basse : 11549.2
Moyenne mobile haute : 12065.4

Action : 11838 -- Money :: 10000 -- Nb actions :: 0
Moyenne mobile basse : 11514.2
Moyenne mobile haute : 12065.4

Action : 12061 -- Money :: 10000 -- Nb actions :: 0
Moyenne mobile basse : 11514.2
Moyenne mobile haute : 12065.4

Action : 12062 -- Money :: 10000 -- Nb actions :: 0
Moyenne mobile basse : 11473.6
Moyenne mobile haute : 11942

Action : 11871 -- Money :: 10000 -- Nb actions :: 0
Moyenne mobile basse : 11435.4
Moyenne mobile haute : 11942

Action : 10592 -- Money :: 10000 -- Nb actions :: 0
Moyenne mobile basse : 11179.6
Moyenne mobile haute : 11942

Action : 11826 -- Money :: 10000 -- Nb actions :: 0
Moyenne mobile basse : 11179.6
Moyenne mobile haute : 11942

Action : 11843 -- Money :: 10000 -- Nb actions :: 0
Moyenne mobile basse : 11179.6
Moyenne mobile haute : 11942

Action : 11700 -- Money :: 10000 -- Nb actions :: 0
Moyenne mobile basse : 11194.4
Moyenne mobile haute : 11839.8

Action : 11799 -- Money :: 10000 -- Nb actions :: 0
Moyenne mobile basse : 11194.4
Moyenne mobile haute : 11859.6

Action : 11553 -- Money :: 10000 -- Nb actions :: 0
Moyenne mobile basse : 11165
Moyenne mobile haute : 11859.6

Action : 11915 -- Money :: 10000 -- Nb actions :: 0
Moyenne mobile basse : 11165
Moyenne mobile haute : 11882.8

Action : 12000 -- Money :: 10000 -- Nb actions :: 0
Moyenne mobile basse : 11165
Moyenne mobile haute : 11899.8

Action : 12306 -- Money :: 10000 -- Nb actions :: 0
Moyenne mobile basse : 11454.6
Moyenne mobile haute : 12148

Action : 12677 -- Money :: 10000 -- Nb actions :: 0
Moyenne mobile basse : 11454.6
Moyenne mobile haute : 12222.2

Action : 12672 -- Money :: 10000 -- Nb actions :: 0
Moyenne mobile basse : 11454.6
Moyenne mobile haute : 12222.2

Action : 12846 -- Money :: 10000 -- Nb actions :: 0
Moyenne mobile basse : 11454.6
Moyenne mobile haute : 12256

Action : 12795 -- Money :: 10000 -- Nb actions :: 0
Moyenne mobile basse : 11454.6
Moyenne mobile haute : 12256

Action : 12810 -- Money :: 10000 -- Nb actions :: 0
Moyenne mobile basse : 11819.8
Moyenne mobile haute : 12404.2

Action : 12376 -- Money :: 10000 -- Nb actions :: 0
Moyenne mobile basse : 11733
Moyenne mobile haute : 12404.2

Action : 12606 -- Money :: 10000 -- Nb actions :: 0
Moyenne mobile basse : 11733
Moyenne mobile haute : 12404.2

Action : 12361 -- Money :: 10000 -- Nb actions :: 0
Moyenne mobile basse : 11730
Moyenne mobile haute : 12404.2

Action : 12734 -- Money :: 10000 -- Nb actions :: 0
Moyenne mobile basse : 11730
Moyenne mobile haute : 12404.2

Action : 12925 -- Money :: 10000 -- Nb actions :: 0
Moyenne mobile basse : 11947.4
Moyenne mobile haute : 12528.6

Action : 12922 -- Money :: 10000 -- Nb actions :: 0
Moyenne mobile basse : 11946.8
Moyenne mobile haute : 12528.6

Action : 12720 -- Money :: 10000 -- Nb actions :: 0
Moyenne mobile basse : 11906.4
Moyenne mobile haute : 12528.6

Action : 12786 -- Money :: 10000 -- Nb actions :: 0
Moyenne mobile basse : 11906.4
Moyenne mobile haute : 12528.6

Action : 12541 -- Money :: 10000 -- Nb actions :: 0
Moyenne mobile basse : 11870.6
Moyenne mobile haute : 12528.6

Action : 12385 -- Money :: 10000 -- Nb actions :: 0
Moyenne mobile basse : 12229.2
Moyenne mobile haute : 12593.2

Action : 12715 -- Money :: 10000 -- Nb actions :: 0
Moyenne mobile basse : 12229.2
Moyenne mobile haute : 12659.2

Action : 12546 -- Money :: 10000 -- Nb actions :: 0
Moyenne mobile basse : 12229.2
Moyenne mobile haute : 12659.2

Action : 12603 -- Money :: 10000 -- Nb actions :: 0
Moyenne mobile basse : 12229.2
Moyenne mobile haute : 12659.2

Action : 12285 -- Money :: 10000 -- Nb actions :: 0
Moyenne mobile basse : 12209.2
Moyenne mobile haute : 12659.2

Action : 12636 -- Money :: 10000 -- Nb actions :: 0
Moyenne mobile basse : 12425.8
Moyenne mobile haute : 12786.4

Action : 13217 -- Money :: 10000 -- Nb actions :: 0
Moyenne mobile basse : 12425.8
Moyenne mobile haute : 12902.6

Action : 13879 -- Money :: 10000 -- Nb actions :: 0
Moyenne mobile basse : 12425.8
Moyenne mobile haute : 13035

Action : 13879 -- Money :: 10000 -- Nb actions :: 0
Moyenne mobile basse : 12425.8
Moyenne mobile haute : 13035

Action : 13756 -- Money :: 10000 -- Nb actions :: 0
Moyenne mobile basse : 12425.8
Moyenne mobile haute : 13035

Action : 13793 -- Money :: 10000 -- Nb actions :: 0
Moyenne mobile basse : 12723.2
Moyenne mobile haute : 13224.4

Action : 14039 -- Money :: 10000 -- Nb actions :: 0
Moyenne mobile basse : 12723.2
Moyenne mobile haute : 13273.6

Action : 14075 -- Money :: 10000 -- Nb actions :: 0
Moyenne mobile basse : 12723.2
Moyenne mobile haute : 13280.8

Action : 14407 -- Money :: 10000 -- Nb actions :: 0
Moyenne mobile basse : 12723.2
Moyenne mobile haute : 13347.2

Action : 14450 -- Money :: 10000 -- Nb actions :: 0
Moyenne mobile basse : 12723.2
Moyenne mobile haute : 13355.8

Action : 14488 -- Money :: 10000 -- Nb actions :: 0
Moyenne mobile basse : 13148.6
Moyenne mobile haute : 13691.4

Action : 14540 -- Money :: 10000 -- Nb actions :: 0
Moyenne mobile basse : 13148.6
Moyenne mobile haute : 13701.8

Action : 14890 -- Money :: 10000 -- Nb actions :: 0
Moyenne mobile basse : 13148.6
Moyenne mobile haute : 13771.8

Action : 14870 -- Money :: 10000 -- Nb actions :: 0
Moyenne mobile basse : 13148.6
Moyenne mobile haute : 13771.8

Action : 15076 -- Money :: 10000 -- Nb actions :: 0
Moyenne mobile basse : 13148.6
Moyenne mobile haute : 13809

Action : 14984 -- Money :: 10000 -- Nb actions :: 0
Moyenne mobile basse : 13637.2
Moyenne mobile haute : 14220.8

Action : 15120 -- Money :: 10000 -- Nb actions :: 0
Moyenne mobile basse : 13637.2
Moyenne mobile haute : 14248

Action : 15543 -- Money :: 10000 -- Nb actions :: 0
Moyenne mobile basse : 13637.2
Moyenne mobile haute : 14332.6

Action : 16022 -- Money :: 10000 -- Nb actions :: 0
Moyenne mobile basse : 13637.2
Moyenne mobile haute : 14428.4

Action : 15984 -- Money :: 10000 -- Nb actions :: 0
Moyenne mobile basse : 13637.2
Moyenne mobile haute : 14428.4

Action : 15903 -- Money :: 10000 -- Nb actions :: 0
Moyenne mobile basse : 14360.8
Moyenne mobile haute : 15066

Action : 16001 -- Money :: 10000 -- Nb actions :: 0
Moyenne mobile basse : 14360.8
Moyenne mobile haute : 15085.6

Action : 15708 -- Money :: 10000 -- Nb actions :: 0
Moyenne mobile basse : 14321.8
Moyenne mobile haute : 15085.6

Action : 15395 -- Money :: 10000 -- Nb actions :: 0
Moyenne mobile basse : 14259.2
Moyenne mobile haute : 15085.6

Action : 15708 -- Money :: 10000 -- Nb actions :: 0
Moyenne mobile basse : 14259.2
Moyenne mobile haute : 15085.6

Action : 16060 -- Money :: 10000 -- Nb actions :: 0
Moyenne mobile basse : 14944
Moyenne mobile haute : 15521.8

Action : 15651 -- Money :: 10000 -- Nb actions :: 0
Moyenne mobile basse : 14862.2
Moyenne mobile haute : 15521.8

Action : 15518 -- Money :: 10000 -- Nb actions :: 0
Moyenne mobile basse : 14835.6
Moyenne mobile haute : 15521.8

Action : 15489 -- Money :: 10000 -- Nb actions :: 0
Moyenne mobile basse : 14829.8
Moyenne mobile haute : 15521.8

Action : 15251 -- Money :: 10000 -- Nb actions :: 0
Moyenne mobile basse : 14782.2
Moyenne mobile haute : 15521.8

Action : 15669 -- Money :: 10000 -- Nb actions :: 0
Moyenne mobile basse : 15157.4
Moyenne mobile haute : 15765.6

Action : 15516 -- Money :: 10000 -- Nb actions :: 0
Moyenne mobile basse : 15126.8
Moyenne mobile haute : 15765.6

Action : 15842 -- Money :: 10000 -- Nb actions :: 0
Moyenne mobile basse : 15126.8
Moyenne mobile haute : 15800.2

Action : 16500 -- Money :: 10000 -- Nb actions :: 0
Moyenne mobile basse : 15126.8
Moyenne mobile haute : 15931.8

Action : 16068 -- Money :: 10000 -- Nb actions :: 0
Moyenne mobile basse : 15126.8
Moyenne mobile haute : 15931.8

Action : 15878 -- Money :: 10000 -- Nb actions :: 0
Moyenne mobile basse : 15404.8
Moyenne mobile haute : 16092.2

Action : 16267 -- Money :: 10000 -- Nb actions :: 0
Moyenne mobile basse : 15404.8
Moyenne mobile haute : 16170

Action : 16245 -- Money :: 10000 -- Nb actions :: 0
Moyenne mobile basse : 15404.8
Moyenne mobile haute : 16170

Action : 17157 -- Money :: 10000 -- Nb actions :: 0
Moyenne mobile basse : 15404.8
Moyenne mobile haute : 16348

Action : 16757 -- Money :: 10000 -- Nb actions :: 0
Moyenne mobile basse : 15404.8
Moyenne mobile haute : 16348

Action : 16891 -- Money :: 10000 -- Nb actions :: 0
Moyenne mobile basse : 15786.2
Moyenne mobile haute : 16521.8

Action : 16831 -- Money :: 10000 -- Nb actions :: 0
Moyenne mobile basse : 15774.2
Moyenne mobile haute : 16521.8

Action : 16580 -- Money :: 10000 -- Nb actions :: 0
Moyenne mobile basse : 15724
Moyenne mobile haute : 16521.8

Action : 16445 -- Money :: 10000 -- Nb actions :: 0
Moyenne mobile basse : 15697
Moyenne mobile haute : 16521.8

Action : 16375 -- Money :: 10000 -- Nb actions :: 0
Moyenne mobile basse : 15683
Moyenne mobile haute : 16521.8

Action : 16540 -- Money :: 10000 -- Nb actions :: 0
Moyenne mobile basse : 15912
Moyenne mobile haute : 16629.6

Action : 16986 -- Money :: 10000 -- Nb actions :: 0
Moyenne mobile basse : 15912
Moyenne mobile haute : 16718.8

Action : 16935 -- Money :: 10000 -- Nb actions :: 0
Moyenne mobile basse : 15912
Moyenne mobile haute : 16718.8

Action : 17001 -- Money :: 10000 -- Nb actions :: 0
Moyenne mobile basse : 15912
Moyenne mobile haute : 16721.8

Action : 17267 -- Money :: 10000 -- Nb actions :: 0
Moyenne mobile basse : 15912
Moyenne mobile haute : 16775

Action : 17059 -- Money :: 10000 -- Nb actions :: 0
Moyenne mobile basse : 16273.6
Moyenne mobile haute : 16974.8

Action : 17100 -- Money :: 10000 -- Nb actions :: 0
Moyenne mobile basse : 16273.6
Moyenne mobile haute : 16983

Action : 17012 -- Money :: 10000 -- Nb actions :: 0
Moyenne mobile basse : 16264.2
Moyenne mobile haute : 16983

Action : 16516 -- Money :: 10000 -- Nb actions :: 0
Moyenne mobile basse : 16165
Moyenne mobile haute : 16983

Action : 15874 -- Money :: 10000 -- Nb actions :: 0
Moyenne mobile basse : 16036.6
Moyenne mobile haute : 16983

Action : 15784 -- Money :: 10000 -- Nb actions :: 0
Moyenne mobile basse : 16090.2
Moyenne mobile haute : 16839.8

Action : 16074 -- Money :: 10000 -- Nb actions :: 0
Moyenne mobile basse : 16090.2
Moyenne mobile haute : 16897.8

Action : 16395 -- Money :: 10000 -- Nb actions :: 0
Moyenne mobile basse : 16090.2
Moyenne mobile haute : 16962

Action : 16510 -- Money :: 10000 -- Nb actions :: 0
Moyenne mobile basse : 16090.2
Moyenne mobile haute : 16985

Action : 16861 -- Money :: 10000 -- Nb actions :: 0
Moyenne mobile basse : 16090.2
Moyenne mobile haute : 17055.2

Action : 17725 -- Money :: 10000 -- Nb actions :: 0
Moyenne mobile basse : 16459.6
Moyenne mobile haute : 17168.8

Action : 17736 -- Money :: 10000 -- Nb actions :: 0
Moyenne mobile basse : 16459.6
Moyenne mobile haute : 17171

Action : 17999 -- Money :: 10000 -- Nb actions :: 0
Moyenne mobile basse : 16459.6
Moyenne mobile haute : 17223.6

Action : 17695 -- Money :: 10000 -- Nb actions :: 0
Moyenne mobile basse : 16453.6
Moyenne mobile haute : 17223.6

Action : 17916 -- Money :: 10000 -- Nb actions :: 0
Moyenne mobile basse : 16453.6
Moyenne mobile haute : 17223.6

Action : 17686 -- Money :: 10000 -- Nb actions :: 0
Moyenne mobile basse : 16715.8
Moyenne mobile haute : 17382.6

Action : 17550 -- Money :: 10000 -- Nb actions :: 0
Moyenne mobile basse : 16688.6
Moyenne mobile haute : 17382.6

Action : 17552 -- Money :: 10000 -- Nb actions :: 0
Moyenne mobile basse : 16688.6
Moyenne mobile haute : 17382.6

Action : 18050 -- Money :: 10000 -- Nb actions :: 0
Moyenne mobile basse : 16688.6
Moyenne mobile haute : 17455.4

Action : 17749 -- Money :: 10000 -- Nb actions :: 0
Moyenne mobile basse : 16688.6
Moyenne mobile haute : 17455.4

Action : 17777 -- Money :: 10000 -- Nb actions :: 0
Moyenne mobile basse : 16936
Moyenne mobile haute : 17557.4

Action : 17488 -- Money :: 10000 -- Nb actions :: 0
Moyenne mobile basse : 16878.2
Moyenne mobile haute : 17557.4

Action : 17633 -- Money :: 10000 -- Nb actions :: 0
Moyenne mobile basse : 16878.2
Moyenne mobile haute : 17557.4

Action : 17428 -- Money :: 10000 -- Nb actions :: 0
Moyenne mobile basse : 16866.2
Moyenne mobile haute : 17557.4

Action : 17372 -- Money :: 10000 -- Nb actions :: 0
Moyenne mobile basse : 16855
Moyenne mobile haute : 17557.4

Action : 17558 -- Money :: 10000 -- Nb actions :: 0
Moyenne mobile basse : 17191.8
Moyenne mobile haute : 17649

Action : 17841 -- Money :: 10000 -- Nb actions :: 0
Moyenne mobile basse : 17191.8
Moyenne mobile haute : 17705.6

Action : 17927 -- Money :: 10000 -- Nb actions :: 0
Moyenne mobile basse : 17191.8
Moyenne mobile haute : 17722.8

Action : 18388 -- Money :: 10000 -- Nb actions :: 0
Moyenne mobile basse : 17191.8
Moyenne mobile haute : 17815

Action : 18500 -- Money :: 10000 -- Nb actions :: 0
Moyenne mobile basse : 17191.8
Moyenne mobile haute : 17837.4

Action : 18259 -- Money :: 10000 -- Nb actions :: 0
Moyenne mobile basse : 17686.8
Moyenne mobile haute : 18117

Action : 18190 -- Money :: 10000 -- Nb actions :: 0
Moyenne mobile basse : 17673
Moyenne mobile haute : 18117

Action : 18210 -- Money :: 10000 -- Nb actions :: 0
Moyenne mobile basse : 17673
Moyenne mobile haute : 18117

Action : 18180 -- Money :: 10000 -- Nb actions :: 0
Moyenne mobile basse : 17671
Moyenne mobile haute : 18117

Action : 18392 -- Money :: 10000 -- Nb actions :: 0
Moyenne mobile basse : 17671
Moyenne mobile haute : 18143.6

Action : 18196 -- Money :: 10000 -- Nb actions :: 0
Moyenne mobile basse : 17771.2
Moyenne mobile haute : 18183

Action : 18137 -- Money :: 10000 -- Nb actions :: 0
Moyenne mobile basse : 17759.4
Moyenne mobile haute : 18183

Action : 18615 -- Money :: 10000 -- Nb actions :: 0
Moyenne mobile basse : 17759.4
Moyenne mobile haute : 18266.8

Action : 18410 -- Money :: 10000 -- Nb actions :: 0
Moyenne mobile basse : 17759.4
Moyenne mobile haute : 18266.8

Action : 18650 -- Money :: 10000 -- Nb actions :: 0
Moyenne mobile basse : 17759.4
Moyenne mobile haute : 18273.8

Action : 18788 -- Money :: 10000 -- Nb actions :: 0
Moyenne mobile basse : 18007
Moyenne mobile haute : 18421.4

Action : 18504 -- Money :: 10000 -- Nb actions :: 0
Moyenne mobile basse : 17950.2
Moyenne mobile haute : 18421.4

Action : 18542 -- Money :: 10000 -- Nb actions :: 0
Moyenne mobile basse : 17950.2
Moyenne mobile haute : 18421.4

Action : 18536 -- Money :: 10000 -- Nb actions :: 0
Moyenne mobile basse : 17950.2
Moyenne mobile haute : 18421.4

Action : 18360 -- Money :: 10000 -- Nb actions :: 0
Moyenne mobile basse : 17921.4
Moyenne mobile haute : 18421.4

Action : 18875 -- Money :: 10000 -- Nb actions :: 0
Moyenne mobile basse : 18222
Moyenne mobile haute : 18641

Action : 18866 -- Money :: 10000 -- Nb actions :: 0
Moyenne mobile basse : 18220.2
Moyenne mobile haute : 18641

Action : 19090 -- Money :: 10000 -- Nb actions :: 0
Moyenne mobile basse : 18220.2
Moyenne mobile haute : 18684

Action : 18529 -- Money :: 10000 -- Nb actions :: 0
Moyenne mobile basse : 18152.8
Moyenne mobile haute : 18684

Action : 18300 -- Money :: 10000 -- Nb actions :: 0
Moyenne mobile basse : 18107
Moyenne mobile haute : 18684

Action : 17795 -- Money :: 10000 -- Nb actions :: 0
Moyenne mobile basse : 18154.4
Moyenne mobile haute : 18543

Action : 17550 -- Money :: 10000 -- Nb actions :: 0
Moyenne mobile basse : 18105.4
Moyenne mobile haute : 18543

Action : 17751 -- Money :: 10000 -- Nb actions :: 0
Moyenne mobile basse : 18105.4
Moyenne mobile haute : 18543

Action : 17748 -- Money :: 10000 -- Nb actions :: 0
Moyenne mobile basse : 18105.4
Moyenne mobile haute : 18543

Action : 17145 -- Money :: 10000 -- Nb actions :: 0
Moyenne mobile basse : 18024.4
Moyenne mobile haute : 18543

Action : 17016 -- Money :: 10000 -- Nb actions :: 0
Moyenne mobile basse : 17791.6
Moyenne mobile haute : 18267.8

Action : 17052 -- Money :: 10000 -- Nb actions :: 0
Moyenne mobile basse : 17791.6
Moyenne mobile haute : 18275

Action : 17142 -- Money :: 10000 -- Nb actions :: 0
Moyenne mobile basse : 17791.6
Moyenne mobile haute : 18293

Action : 17350 -- Money :: 10000 -- Nb actions :: 0
Moyenne mobile basse : 17791.6
Moyenne mobile haute : 18334.6

Action : 17400 -- Money :: 10000 -- Nb actions :: 0
Moyenne mobile basse : 17791.6
Moyenne mobile haute : 18344.6

Action : 17615 -- Money :: 10000 -- Nb actions :: 0
Moyenne mobile basse : 17687.2
Moyenne mobile haute : 18137.6

Action : 17666 -- Money :: 10000 -- Nb actions :: 0
Moyenne mobile basse : 17687.2
Moyenne mobile haute : 18147.8

Action : 18315 -- Money :: 10000 -- Nb actions :: 0
Moyenne mobile basse : 17687.2
Moyenne mobile haute : 18277.6

Action : 18439 -- Money :: 10000 -- Nb actions :: 0
Moyenne mobile basse : 17687.2
Moyenne mobile haute : 18302.4

Action : 18556 -- Money :: 10000 -- Nb actions :: 0
Moyenne mobile basse : 17687.2
Moyenne mobile haute : 18325.8

Action : 18925 -- Money :: 10000 -- Nb actions :: 0
Moyenne mobile basse : 17800.2
Moyenne mobile haute : 18353.2

Action : 18873 -- Money :: 10000 -- Nb actions :: 0
Moyenne mobile basse : 17789.8
Moyenne mobile haute : 18353.2

Action : 18977 -- Money :: 10000 -- Nb actions :: 0
Moyenne mobile basse : 17789.8
Moyenne mobile haute : 18363.6

Action : 18577 -- Money :: 10000 -- Nb actions :: 0
Moyenne mobile basse : 17730.6
Moyenne mobile haute : 18363.6

Action : 18650 -- Money :: 10000 -- Nb actions :: 0
Moyenne mobile basse : 17730.6
Moyenne mobile haute : 18363.6

Action : 18368 -- Money :: 10000 -- Nb actions :: 0
Moyenne mobile basse : 17744.2
Moyenne mobile haute : 18219.2

Action : 18025 -- Money :: 10000 -- Nb actions :: 0
Moyenne mobile basse : 17675.6
Moyenne mobile haute : 18219.2

Action : 17686 -- Money :: 10000 -- Nb actions :: 0
Moyenne mobile basse : 17607.8
Moyenne mobile haute : 18219.2

Action : 17895 -- Money :: 10000 -- Nb actions :: 0
Moyenne mobile basse : 17607.8
Moyenne mobile haute : 18219.2

Action : 17391 -- Money :: 10000 -- Nb actions :: 0
Moyenne mobile basse : 17548.8
Moyenne mobile haute : 18219.2

Action : 17353 -- Money :: 10000 -- Nb actions :: 0
Moyenne mobile basse : 17590.4
Moyenne mobile haute : 18130.8

Action : 16909 -- Money :: 10000 -- Nb actions :: 0
Moyenne mobile basse : 17501.6
Moyenne mobile haute : 18130.8

Action : 17371 -- Money :: 10000 -- Nb actions :: 0
Moyenne mobile basse : 17501.6
Moyenne mobile haute : 18134.4

Action : 17262 -- Money :: 10000 -- Nb actions :: 0
Moyenne mobile basse : 17501.6
Moyenne mobile haute : 18134.4

Action : 17192 -- Money :: 10000 -- Nb actions :: 0
Moyenne mobile basse : 17501.6
Moyenne mobile haute : 18134.4

Action : 16939 -- Money :: 10000 -- Nb actions :: 0
Moyenne mobile basse : 17486.2
Moyenne mobile haute : 18042.2

Action : 16667 -- Money :: 10000 -- Nb actions :: 0
Moyenne mobile basse : 17431.8
Moyenne mobile haute : 18042.2

Action : 16707 -- Money :: 10000 -- Nb actions :: 0
Moyenne mobile basse : 17431.8
Moyenne mobile haute : 18042.2

Action : 16550 -- Money :: 10000 -- Nb actions :: 0
Moyenne mobile basse : 17408.4
Moyenne mobile haute : 18042.2

Action : 16660 -- Money :: 10000 -- Nb actions :: 0
Moyenne mobile basse : 17408.4
Moyenne mobile haute : 18042.2

Action : 16139 -- Money :: 10000 -- Nb actions :: 0
Moyenne mobile basse : 17113.2
Moyenne mobile haute : 17558.8

Action : 16470 -- Money :: 10000 -- Nb actions :: 0
Moyenne mobile basse : 17113.2
Moyenne mobile haute : 17625

Action : 16591 -- Money :: 10000 -- Nb actions :: 0
Moyenne mobile basse : 17113.2
Moyenne mobile haute : 17649.2

Action : 16119 -- Money :: 10000 -- Nb actions :: 0
Moyenne mobile basse : 17109.2
Moyenne mobile haute : 17649.2

Action : 16337 -- Money :: 10000 -- Nb actions :: 0
Moyenne mobile basse : 17109.2
Moyenne mobile haute : 17649.2

Action : 16407 -- Money :: 10000 -- Nb actions :: 0
Moyenne mobile basse : 16675.2
Moyenne mobile haute : 17135.2

Action : 16230 -- Money :: 10000 -- Nb actions :: 0
Moyenne mobile basse : 16639.8
Moyenne mobile haute : 17135.2

Action : 16821 -- Money :: 10000 -- Nb actions :: 0
Moyenne mobile basse : 16639.8
Moyenne mobile haute : 17218

Action : 17164 -- Money :: 10000 -- Nb actions :: 0
Moyenne mobile basse : 16639.8
Moyenne mobile haute : 17286.6

Action : 17180 -- Money :: 10000 -- Nb actions :: 0
Moyenne mobile basse : 16639.8
Moyenne mobile haute : 17289.8

Action : 17073 -- Money :: 10000 -- Nb actions :: 0
Moyenne mobile basse : 16576.2
Moyenne mobile haute : 17030.8

Action : 17778 -- Money :: 10000 -- Nb actions :: 0
Moyenne mobile basse : 16576.2
Moyenne mobile haute : 17171.8

Action : 17931 -- Money :: 10000 -- Nb actions :: 0
Moyenne mobile basse : 16576.2
Moyenne mobile haute : 17202.4

Action : 18158 -- Money :: 10000 -- Nb actions :: 0
Moyenne mobile basse : 16576.2
Moyenne mobile haute : 17247.8

Action : 18089 -- Money :: 10000 -- Nb actions :: 0
Moyenne mobile basse : 16576.2
Moyenne mobile haute : 17247.8

Action : 18210 -- Money :: 10000 -- Nb actions :: 0
Moyenne mobile basse : 16836.4
Moyenne mobile haute : 17415.6

Action : 18615 -- Money :: 10000 -- Nb actions :: 0
Moyenne mobile basse : 16836.4
Moyenne mobile haute : 17496.6

Action : 18278 -- Money :: 10000 -- Nb actions :: 0
Moyenne mobile basse : 16836.4
Moyenne mobile haute : 17496.6

Action : 18526 -- Money :: 10000 -- Nb actions :: 0
Moyenne mobile basse : 16836.4
Moyenne mobile haute : 17496.6

Action : 18486 -- Money :: 10000 -- Nb actions :: 0
Moyenne mobile basse : 16836.4
Moyenne mobile haute : 17496.6

Action : 18306 -- Money :: 10000 -- Nb actions :: 0
Moyenne mobile basse : 17187.6
Moyenne mobile haute : 17770

Action : 18083 -- Money :: 10000 -- Nb actions :: 0
Moyenne mobile basse : 17143
Moyenne mobile haute : 17770

Action : 18139 -- Money :: 10000 -- Nb actions :: 0
Moyenne mobile basse : 17143
Moyenne mobile haute : 17770

Action : 18100 -- Money :: 10000 -- Nb actions :: 0
Moyenne mobile basse : 17143
Moyenne mobile haute : 17770

Action : 17838 -- Money :: 10000 -- Nb actions :: 0
Moyenne mobile basse : 17094
Moyenne mobile haute : 17770

Action : 17835 -- Money :: 10000 -- Nb actions :: 0
Moyenne mobile basse : 17437.2
Moyenne mobile haute : 18018.8

Action : 18162 -- Money :: 10000 -- Nb actions :: 0
Moyenne mobile basse : 17437.2
Moyenne mobile haute : 18084.2

Action : 18589 -- Money :: 10000 -- Nb actions :: 0
Moyenne mobile basse : 17437.2
Moyenne mobile haute : 18169.6

Action : 18565 -- Money :: 10000 -- Nb actions :: 0
Moyenne mobile basse : 17437.2
Moyenne mobile haute : 18169.6

Action : 18627 -- Money :: 10000 -- Nb actions :: 0
Moyenne mobile basse : 17437.2
Moyenne mobile haute : 18177.2

Action : 18320 -- Money :: 10000 -- Nb actions :: 0
Moyenne mobile basse : 17855.2
Moyenne mobile haute : 18405.2

Action : 19596 -- Money :: 10000 -- Nb actions :: 0
Moyenne mobile basse : 17855.2
Moyenne mobile haute : 18660.4

Action : 19438 -- Money :: 10000 -- Nb actions :: 0
Moyenne mobile basse : 17855.2
Moyenne mobile haute : 18660.4

Action : 19657 -- Money :: 10000 -- Nb actions :: 0
Moyenne mobile basse : 17855.2
Moyenne mobile haute : 18672.6

Action : 20100 -- Money :: 10000 -- Nb actions :: 0
Moyenne mobile basse : 17855.2
Moyenne mobile haute : 18761.2

Action : 19825 -- Money :: 10000 -- Nb actions :: 0
Moyenne mobile basse : 18405.6
Moyenne mobile haute : 19094.6

Action : 19866 -- Money :: 10000 -- Nb actions :: 0
Moyenne mobile basse : 18405.6
Moyenne mobile haute : 19102.8

Action : 19910 -- Money :: 10000 -- Nb actions :: 0
Moyenne mobile basse : 18405.6
Moyenne mobile haute : 19111.6

Action : 19834 -- Money :: 10000 -- Nb actions :: 0
Moyenne mobile basse : 18405.6
Moyenne mobile haute : 19111.6

Action : 20194 -- Money :: 10000 -- Nb actions :: 0
Moyenne mobile basse : 18405.6
Moyenne mobile haute : 19168.4

Action : 20312 -- Money :: 10000 -- Nb actions :: 0
Moyenne mobile basse : 18826
Moyenne mobile haute : 19507.8

Action : 20422 -- Money :: 10000 -- Nb actions :: 0
Moyenne mobile basse : 18826
Moyenne mobile haute : 19529.8

Action : 20570 -- Money :: 10000 -- Nb actions :: 0
Moyenne mobile basse : 18826
Moyenne mobile haute : 19559.4

Action : 20054 -- Money :: 10000 -- Nb actions :: 0
Moyenne mobile basse : 18774.4
Moyenne mobile haute : 19559.4

Action : 19182 -- Money :: 10000 -- Nb actions :: 0
Moyenne mobile basse : 18600
Moyenne mobile haute : 19559.4

Action : 19413 -- Money :: 10000 -- Nb actions :: 0
Moyenne mobile basse : 18915
Moyenne mobile haute : 19780.8

Action : 19833 -- Money :: 10000 -- Nb actions :: 0
Moyenne mobile basse : 18915
Moyenne mobile haute : 19864.8

Action : 19795 -- Money :: 10000 -- Nb actions :: 0
Moyenne mobile basse : 18915
Moyenne mobile haute : 19864.8

Action : 19556 -- Money :: 10000 -- Nb actions :: 0
Moyenne mobile basse : 18915
Moyenne mobile haute : 19864.8

Action : 19700 -- Money :: 10000 -- Nb actions :: 0
Moyenne mobile basse : 18915
Moyenne mobile haute : 19864.8

Action : 19357 -- Money :: 10000 -- Nb actions :: 0
Moyenne mobile basse : 19219.4
Moyenne mobile haute : 20010.8

Action : 19124 -- Money :: 10000 -- Nb actions :: 0
Moyenne mobile basse : 19172.8
Moyenne mobile haute : 20010.8

Action : 19413 -- Money :: 10000 -- Nb actions :: 0
Moyenne mobile basse : 19172.8
Moyenne mobile haute : 20022

Action : 19594 -- Money :: 10000 -- Nb actions :: 0
Moyenne mobile basse : 19172.8
Moyenne mobile haute : 20058.2

Action : 19606 -- Money :: 10000 -- Nb actions :: 0
Moyenne mobile basse : 19172.8
Moyenne mobile haute : 20060.6

Action : 19228 -- Money :: 10000 -- Nb actions :: 0
Moyenne mobile basse : 19354.4
Moyenne mobile haute : 19886.2

Action : 19123 -- Money :: 10000 -- Nb actions :: 0
Moyenne mobile basse : 19333.4
Moyenne mobile haute : 19886.2

Action : 18866 -- Money :: 10000 -- Nb actions :: 0
Moyenne mobile basse : 19282
Moyenne mobile haute : 19886.2

Action : 18572 -- Money :: 10000 -- Nb actions :: 0
Moyenne mobile basse : 19223.2
Moyenne mobile haute : 19886.2

On est le dernier jour : 0
End of program.
